app/build/intermediates/manifest_merge_blame_file/DevDebug/manifest-merger-blame-Dev-debug-report.txt
1<?xml version="1.0" encoding="utf-8"?>
2<manifest xmlns:android="http://schemas.android.com/apk/res/android"
3    package="indg.com.cover2protect"
4    android:versionCode="1"
5    android:versionName="1" >
6
7    <uses-sdk
8        android:minSdkVersion="19"
8-->src\main\AndroidManifest.xml
9        android:targetSdkVersion="29" />
9-->src\main\AndroidManifest.xml
10
11    <uses-permission android:name="android.permission.BLUETOOTH" />
11-->src\main\AndroidManifest.xml:6:5-68
11-->src\main\AndroidManifest.xml:6:22-65
12    <uses-permission android:name="android.permission.BLUETOOTH_ADMIN" />
12-->src\main\AndroidManifest.xml:7:5-74
12-->src\main\AndroidManifest.xml:7:22-71
13    <uses-permission android:name="android.permission.CHANGE_WIFI_STATE" />
13-->src\main\AndroidManifest.xml:8:5-76
13-->src\main\AndroidManifest.xml:8:22-73
14    <uses-permission android:name="android.permission.ACCESS_COARSE_LOCATION" />
14-->src\main\AndroidManifest.xml:9:5-81
14-->src\main\AndroidManifest.xml:9:22-78
15    <uses-permission android:name="android.permission.ACCESS_FINE_LOCATION" />
15-->src\main\AndroidManifest.xml:10:5-79
15-->src\main\AndroidManifest.xml:10:22-76
16    <uses-permission android:name="android.permission.INTERNET" />
16-->src\main\AndroidManifest.xml:11:5-67
16-->src\main\AndroidManifest.xml:11:22-64
17    <uses-permission android:name="android.permission.ACCESS_NETWORK_STATE" />
17-->src\main\AndroidManifest.xml:12:5-79
17-->src\main\AndroidManifest.xml:12:22-76
18    <uses-permission android:name="android.permission.WRITE_EXTERNAL_STORAGE" />
18-->src\main\AndroidManifest.xml:13:5-81
18-->src\main\AndroidManifest.xml:13:22-78
19    <uses-permission android:name="android.permission.READ_EXTERNAL_STORAGE" />
19-->src\main\AndroidManifest.xml:14:5-80
19-->src\main\AndroidManifest.xml:14:22-77
20    <uses-permission android:name="android.permission.CAMERA" />
20-->src\main\AndroidManifest.xml:15:5-65
20-->src\main\AndroidManifest.xml:15:22-62
21    <uses-permission android:name="android.permission.RECORD_AUDIO" />
21-->src\main\AndroidManifest.xml:16:5-71
21-->src\main\AndroidManifest.xml:16:22-68
22    <uses-permission android:name="android.permission.RECEIVE_BOOT_COMPLETED" />
22-->src\main\AndroidManifest.xml:17:5-81
22-->src\main\AndroidManifest.xml:17:22-78
23
24    <uses-feature android:name="android.hardware.camera" />
24-->src\main\AndroidManifest.xml:19:5-60
24-->src\main\AndroidManifest.xml:19:19-57
25    <uses-feature android:name="android.hardware.camera.autofocus" />
25-->src\main\AndroidManifest.xml:20:5-70
25-->src\main\AndroidManifest.xml:20:19-67
26    <uses-feature android:name="android.hardware.microphone" />
26-->src\main\AndroidManifest.xml:21:5-64
26-->src\main\AndroidManifest.xml:21:19-61
27    <uses-feature
27-->src\main\AndroidManifest.xml:22:5-24:35
28        android:name="android.hardware.bluetooth_le"
28-->src\main\AndroidManifest.xml:23:9-53
29        android:required="true" />
29-->src\main\AndroidManifest.xml:24:9-32
30
31    <uses-permission android:name="android.permission.READ_PHONE_STATE" />
32    <uses-permission android:name="android.permission.ACCESS_WIFI_STATE" />
32-->[com.google.android.libraries.places:places:1.0.0] AndroidManifest.xml:10:5-76
32-->[com.google.android.libraries.places:places:1.0.0] AndroidManifest.xml:10:22-73
33    <uses-permission android:name="android.permission.WAKE_LOCK" /> <!-- Required by older versions of Google Play services to create IID tokens -->
33-->[com.google.android.gms:play-services-measurement-api:16.5.0] AndroidManifest.xml:24:5-68
33-->[com.google.android.gms:play-services-measurement-api:16.5.0] AndroidManifest.xml:24:22-65
34    <uses-permission android:name="com.google.android.c2dm.permission.RECEIVE" />
34-->[com.google.firebase:firebase-iid:18.0.0] AndroidManifest.xml:26:5-82
34-->[com.google.firebase:firebase-iid:18.0.0] AndroidManifest.xml:26:22-79
35
36    <uses-feature
36-->[com.google.android.gms:play-services-maps:16.0.0] AndroidManifest.xml:26:5-28:35
37        android:glEsVersion="0x00020000"
37-->[com.google.android.gms:play-services-maps:16.0.0] AndroidManifest.xml:27:9-41
38        android:required="true" />
38-->[com.google.android.gms:play-services-maps:16.0.0] AndroidManifest.xml:28:9-32
39
40    <uses-permission android:name="com.google.android.finsky.permission.BIND_GET_INSTALL_REFERRER_SERVICE" />
40-->[com.google.android.gms:play-services-measurement:16.5.0] AndroidManifest.xml:26:5-110
40-->[com.google.android.gms:play-services-measurement:16.5.0] AndroidManifest.xml:26:22-107
41
42    <application
42-->src\main\AndroidManifest.xml:26:5-254:19
43        android:name="indg.com.cover2protect.views.application.Cover2ProtectApp"
43-->src\main\AndroidManifest.xml:27:9-59
44        android:allowBackup="false"
44-->src\main\AndroidManifest.xml:28:9-36
45        android:appComponentFactory="androidx.core.app.CoreComponentFactory"
45-->[androidx.core:core:1.0.2] AndroidManifest.xml:22:18-86
46        android:debuggable="true"
47        android:icon="@mipmap/ic_launcher"
47-->src\main\AndroidManifest.xml:29:9-43
48        android:label="@string/app_name"
48-->src\main\AndroidManifest.xml:30:9-41
49        android:largeHeap="true"
49-->src\main\AndroidManifest.xml:31:9-33
50        android:roundIcon="@mipmap/ic_launcher"
50-->src\main\AndroidManifest.xml:32:9-48
51        android:supportsRtl="true"
51-->src\main\AndroidManifest.xml:33:9-35
52        android:theme="@style/AppTheme"
52-->src\main\AndroidManifest.xml:34:9-40
53        android:usesCleartextTraffic="true" >
53-->src\main\AndroidManifest.xml:35:9-44
54        <activity android:name="indg.com.cover2protect.views.activity.device2.HeartRateTest.HeartRateTest" />
54-->src\main\AndroidManifest.xml:37:9-119
54-->src\main\AndroidManifest.xml:37:19-107
55        <activity android:name="indg.com.cover2protect.views.activity.device2.HistoryActivity" />
55-->src\main\AndroidManifest.xml:38:9-98
55-->src\main\AndroidManifest.xml:38:19-95
56
57        <service
57-->src\main\AndroidManifest.xml:40:9-48:19
58            android:name="indg.com.cover2protect.SampleBleService"
58-->src\main\AndroidManifest.xml:41:13-45
59            android:enabled="true"
59-->src\main\AndroidManifest.xml:42:13-35
60            android:exported="true"
60-->src\main\AndroidManifest.xml:43:13-36
61            android:process="indg.com.cover2protect.SampleBleService" >
61-->src\main\AndroidManifest.xml:44:13-70
62            <intent-filter>
62-->src\main\AndroidManifest.xml:45:13-47:29
63                <action android:name="com.sxr.sdk.ble.BluetoothLeService.SampleBleService" />
63-->src\main\AndroidManifest.xml:46:17-94
63-->src\main\AndroidManifest.xml:46:25-91
64            </intent-filter>
65        </service>
66
67        <activity android:name="indg.com.cover2protect.views.activity.device2.DeviceScanResultActivity" />
67-->src\main\AndroidManifest.xml:50:9-107
67-->src\main\AndroidManifest.xml:50:19-104
68        <activity android:name="indg.com.cover2protect.views.activity.scandevice.ScanActivity" />
68-->src\main\AndroidManifest.xml:51:9-76
68-->src\main\AndroidManifest.xml:51:19-73
69        <activity android:name="indg.com.cover2protect.views.activity.health_profile.HHIActivity" />
69-->src\main\AndroidManifest.xml:52:9-79
69-->src\main\AndroidManifest.xml:52:19-76
70        <activity android:name="indg.com.cover2protect.views.activity.health_report.HealthReportInfoActivity" />
70-->src\main\AndroidManifest.xml:53:9-91
70-->src\main\AndroidManifest.xml:53:19-88
71        <activity android:name="indg.com.cover2protect.views.activity.health_report.HealthReportActivity" />
71-->src\main\AndroidManifest.xml:54:9-87
71-->src\main\AndroidManifest.xml:54:19-84
72        <activity android:name="indg.com.cover2protect.views.activity.forgot_password.NewPasswordActivity" />
72-->src\main\AndroidManifest.xml:55:9-88
72-->src\main\AndroidManifest.xml:55:19-85
73        <activity android:name="indg.com.cover2protect.views.activity.splash.Splash2Activity" />
73-->src\main\AndroidManifest.xml:56:9-75
73-->src\main\AndroidManifest.xml:56:19-72
74        <activity
74-->src\main\AndroidManifest.xml:59:9-61:52
75            android:name="indg.com.cover2protect.views.activity.upload_file.UploadFileActivity"
75-->src\main\AndroidManifest.xml:60:13-74
76            android:screenOrientation="portrait" />
76-->src\main\AndroidManifest.xml:61:13-49
77        <activity
77-->src\main\AndroidManifest.xml:62:9-64:52
78            android:name="indg.com.cover2protect.data.permissions.PermissionsActivity"
78-->src\main\AndroidManifest.xml:63:13-65
79            android:screenOrientation="portrait" />
79-->src\main\AndroidManifest.xml:64:13-49
80        <activity
80-->src\main\AndroidManifest.xml:65:9-67:52
81            android:name="indg.com.cover2protect.views.activity.registration.otp_registration_activity.Registration_OTPActivity"
81-->src\main\AndroidManifest.xml:66:13-107
82            android:screenOrientation="portrait" />
82-->src\main\AndroidManifest.xml:67:13-49
83        <activity
83-->src\main\AndroidManifest.xml:69:9-72:51
84            android:name="indg.com.cover2protect.views.activity.pedometer.add_session_activity.AddActivity"
84-->src\main\AndroidManifest.xml:70:13-86
85            android:screenOrientation="portrait"
85-->src\main\AndroidManifest.xml:72:13-49
86            android:windowSoftInputMode="stateHidden" />
86-->src\main\AndroidManifest.xml:71:13-54
87        <activity
87-->src\main\AndroidManifest.xml:73:9-76:51
88            android:name="indg.com.cover2protect.views.activity.pedometer.history.HistoryActivity"
88-->src\main\AndroidManifest.xml:74:13-77
89            android:excludeFromRecents="true"
89-->src\main\AndroidManifest.xml:75:13-46
90            android:screenOrientation="portrait" />
90-->src\main\AndroidManifest.xml:76:13-49
91        <activity
91-->src\main\AndroidManifest.xml:77:9-81:59
92            android:name="indg.com.cover2protect.views.activity.pedometer.PedometerActivity"
92-->src\main\AndroidManifest.xml:78:13-71
93            android:label="@string/title_activity_pedometer"
93-->src\main\AndroidManifest.xml:79:13-61
94            android:screenOrientation="portrait"
94-->src\main\AndroidManifest.xml:80:13-49
95            android:theme="@style/AppTheme.NoActionBar" />
95-->src\main\AndroidManifest.xml:81:13-56
96        <activity
96-->src\main\AndroidManifest.xml:82:9-84:52
97            android:name="indg.com.cover2protect.views.activity.health_profile.HealthProfileActivity"
97-->src\main\AndroidManifest.xml:83:13-80
98            android:screenOrientation="portrait" />
98-->src\main\AndroidManifest.xml:84:13-49
99        <activity
99-->src\main\AndroidManifest.xml:87:9-91:57
100            android:name="indg.com.cover2protect.views.activity.login.LoginActivity"
100-->src\main\AndroidManifest.xml:88:13-63
101            android:launchMode="singleTop"
101-->src\main\AndroidManifest.xml:89:13-43
102            android:screenOrientation="portrait"
102-->src\main\AndroidManifest.xml:90:13-49
103            android:windowSoftInputMode="stateHidden" />
103-->src\main\AndroidManifest.xml:91:13-54
104        <activity
104-->src\main\AndroidManifest.xml:93:9-101:20
105            android:name="indg.com.cover2protect.views.activity.splash.SplashActivity"
105-->src\main\AndroidManifest.xml:94:13-65
106            android:screenOrientation="portrait" >
106-->src\main\AndroidManifest.xml:95:13-49
107            <intent-filter>
107-->src\main\AndroidManifest.xml:96:13-100:29
108                <action android:name="android.intent.action.MAIN" />
108-->src\main\AndroidManifest.xml:97:17-69
108-->src\main\AndroidManifest.xml:97:25-66
109
110                <category android:name="android.intent.category.LAUNCHER" />
110-->src\main\AndroidManifest.xml:99:17-77
110-->src\main\AndroidManifest.xml:99:27-74
111            </intent-filter>
112        </activity>
113        <!--
114        <activity
115            android:name=".util.crash_handle.CustomErrorActivity"
116            android:label="@string/error_title"
117            android:process=":error_activity" />
118        <activity
119            android:name=".util.crash_handle.activity.DefaultErrorActivity"
120            android:process=":error_activity" />
121
122        <provider
123            android:name=".util.crash_handle.provider.CaocInitProvider"
124            android:authorities="${applicationId}.customactivityoncrashinitprovider"
125            android:exported="false"
126            android:initOrder="101" />
127        -->
128        <activity
128-->src\main\AndroidManifest.xml:116:9-119:57
129            android:name="indg.com.cover2protect.views.activity.registration.RegisterActivity"
129-->src\main\AndroidManifest.xml:117:13-73
130            android:screenOrientation="portrait"
130-->src\main\AndroidManifest.xml:118:13-49
131            android:windowSoftInputMode="stateHidden" />
131-->src\main\AndroidManifest.xml:119:13-54
132        <activity
132-->src\main\AndroidManifest.xml:120:9-122:52
133            android:name="indg.com.cover2protect.views.activity.splash.IntroActivity"
133-->src\main\AndroidManifest.xml:121:13-64
134            android:screenOrientation="portrait" />
134-->src\main\AndroidManifest.xml:122:13-49
135        <activity
135-->src\main\AndroidManifest.xml:123:9-125:52
136            android:name="indg.com.cover2protect.views.activity.health_profile.CaloriesTrends"
136-->src\main\AndroidManifest.xml:124:13-73
137            android:screenOrientation="portrait" />
137-->src\main\AndroidManifest.xml:125:13-49
138        <activity
138-->src\main\AndroidManifest.xml:126:9-130:47
139            android:name="indg.com.cover2protect.views.activity.home.ProfileActivity"
139-->src\main\AndroidManifest.xml:127:13-64
140            android:label="@string/title_activity_profile"
140-->src\main\AndroidManifest.xml:128:13-59
141            android:screenOrientation="portrait"
141-->src\main\AndroidManifest.xml:129:13-49
142            android:theme="@style/AppTheme" />
142-->src\main\AndroidManifest.xml:130:13-44
143        <activity
143-->src\main\AndroidManifest.xml:132:9-137:47
144            android:name="indg.com.cover2protect.views.activity.deviceConnection.bpMonitor.ActBpChooseDevice"
144-->src\main\AndroidManifest.xml:133:13-88
145            android:label="@string/title_activity_profile"
145-->src\main\AndroidManifest.xml:134:13-59
146            android:launchMode="singleInstance"
146-->src\main\AndroidManifest.xml:136:13-48
147            android:screenOrientation="portrait"
147-->src\main\AndroidManifest.xml:135:13-49
148            android:theme="@style/AppTheme" />
148-->src\main\AndroidManifest.xml:137:13-44
149        <activity
149-->src\main\AndroidManifest.xml:139:9-144:47
150            android:name="indg.com.cover2protect.views.activity.deviceConnection.bpMonitor.ActBpDisplay"
150-->src\main\AndroidManifest.xml:140:13-83
151            android:label="@string/title_activity_profile"
151-->src\main\AndroidManifest.xml:141:13-59
152            android:launchMode="singleInstance"
152-->src\main\AndroidManifest.xml:143:13-48
153            android:screenOrientation="portrait"
153-->src\main\AndroidManifest.xml:142:13-49
154            android:theme="@style/AppTheme" />
154-->src\main\AndroidManifest.xml:144:13-44
155        <activity
155-->src\main\AndroidManifest.xml:146:9-150:47
156            android:name="indg.com.cover2protect.views.activity.deviceConnection.sugarMonitor.ActBgmRetriveData"
156-->src\main\AndroidManifest.xml:147:13-91
157            android:label="@string/title_activity_profile"
157-->src\main\AndroidManifest.xml:148:13-59
158            android:screenOrientation="portrait"
158-->src\main\AndroidManifest.xml:149:13-49
159            android:theme="@style/AppTheme" />
159-->src\main\AndroidManifest.xml:150:13-44
160        <activity
160-->src\main\AndroidManifest.xml:153:9-171:20
161            android:name="com.getmedcheck.activity.fitBitDashBoard.ActFitbitDashBoard"
161-->src\main\AndroidManifest.xml:154:13-87
162            android:label="@string/title_activity_profile"
162-->src\main\AndroidManifest.xml:155:13-59
163            android:screenOrientation="portrait"
163-->src\main\AndroidManifest.xml:156:13-49
164            android:theme="@style/AppTheme" >
164-->src\main\AndroidManifest.xml:157:13-44
165            <intent-filter>
165-->src\main\AndroidManifest.xml:159:13-169:29
166                <action android:name="android.intent.action.VIEW" />
166-->src\main\AndroidManifest.xml:160:17-69
166-->src\main\AndroidManifest.xml:160:25-66
167
168                <category android:name="android.intent.category.DEFAULT" />
168-->src\main\AndroidManifest.xml:162:17-76
168-->src\main\AndroidManifest.xml:162:27-73
169                <category android:name="android.intent.category.BROWSABLE" />
169-->src\main\AndroidManifest.xml:163:17-78
169-->src\main\AndroidManifest.xml:163:27-75
170
171                <data
171-->src\main\AndroidManifest.xml:165:17-168:44
172                    android:host="fitbitpermissioncallback"
172-->src\main\AndroidManifest.xml:166:21-60
173                    android:pathPattern=".*"
173-->src\main\AndroidManifest.xml:167:21-45
174                    android:scheme="c2p" />
174-->src\main\AndroidManifest.xml:168:21-41
175            </intent-filter>
176        </activity>
177        <activity
177-->src\main\AndroidManifest.xml:173:9-175:52
178            android:name="indg.com.cover2protect.views.activity.result_view.ResultActivity"
178-->src\main\AndroidManifest.xml:174:13-70
179            android:screenOrientation="portrait" />
179-->src\main\AndroidManifest.xml:175:13-49
180        <activity
180-->src\main\AndroidManifest.xml:177:9-178:51
181            android:name="indg.com.cover2protect.views.activity.guide_activity.GuideActivity"
181-->src\main\AndroidManifest.xml:177:19-78
182            android:screenOrientation="portrait" />
182-->src\main\AndroidManifest.xml:178:13-49
183        <activity
183-->src\main\AndroidManifest.xml:179:9-182:52
184            android:name="indg.com.cover2protect.views.activity.forgot_password.ForgotPassActivity"
184-->src\main\AndroidManifest.xml:180:13-78
185            android:screenOrientation="landscape"
185-->src\main\AndroidManifest.xml:182:13-50
186            android:windowSoftInputMode="stateHidden" />
186-->src\main\AndroidManifest.xml:181:13-54
187        <activity
187-->src\main\AndroidManifest.xml:184:9-187:51
188            android:name="indg.com.cover2protect.views.activity.forgot_password.ResetPasswordActivity"
188-->src\main\AndroidManifest.xml:185:13-81
189            android:screenOrientation="portrait"
189-->src\main\AndroidManifest.xml:187:13-49
190            android:windowSoftInputMode="stateHidden" />
190-->src\main\AndroidManifest.xml:186:13-54
191        <activity
191-->src\main\AndroidManifest.xml:189:9-190:51
192            android:name="com.getmedcheck.activity.sugarMonitor.ActBgmChooseDevice"
192-->src\main\AndroidManifest.xml:189:19-90
193            android:screenOrientation="portrait" />
193-->src\main\AndroidManifest.xml:190:13-49
194        <activity
194-->src\main\AndroidManifest.xml:192:9-193:51
195            android:name="com.getmedcheck.activity.sugarMonitor.ActBgmDisplay"
195-->src\main\AndroidManifest.xml:192:19-85
196            android:screenOrientation="portrait" />
196-->src\main\AndroidManifest.xml:193:13-49
197        <activity
197-->src\main\AndroidManifest.xml:195:9-196:51
198            android:name="indg.com.cover2protect.views.activity.deviceConnection.bpMonitor.ActBpRetriveData"
198-->src\main\AndroidManifest.xml:195:19-93
199            android:screenOrientation="portrait" />
199-->src\main\AndroidManifest.xml:196:13-49
200        <activity
200-->src\main\AndroidManifest.xml:198:9-200:51
201            android:name="indg.com.cover2protect.views.activity.deviceConnection.bmiScale.lifesense.ble.ui.ShowMeasureDataActivity"
201-->src\main\AndroidManifest.xml:198:19-116
202            android:screenOrientation="portrait"
202-->src\main\AndroidManifest.xml:200:13-49
203            android:theme="@style/AppTheme" />
203-->src\main\AndroidManifest.xml:199:13-44
204        <activity
204-->src\main\AndroidManifest.xml:202:9-204:51
205            android:name="indg.com.cover2protect.views.activity.deviceConnection.bmiScale.lifesense.ble.ui.ActWeightScale"
205-->src\main\AndroidManifest.xml:202:19-107
206            android:screenOrientation="portrait"
206-->src\main\AndroidManifest.xml:204:13-49
207            android:theme="@android:style/Theme.Holo.Light" />
207-->src\main\AndroidManifest.xml:203:13-60
208        <activity
208-->src\main\AndroidManifest.xml:206:9-207:51
209            android:name="indg.com.cover2protect.views.activity.deviceConnection.bmiScale.ActDualLineGraph"
209-->src\main\AndroidManifest.xml:206:19-92
210            android:screenOrientation="portrait" />
210-->src\main\AndroidManifest.xml:207:13-49
211        <activity
211-->src\main\AndroidManifest.xml:209:9-210:51
212            android:name="indg.com.cover2protect.views.activity.deviceConnection.bmiScale.ActBmiScale"
212-->src\main\AndroidManifest.xml:209:19-87
213            android:screenOrientation="portrait" />
213-->src\main\AndroidManifest.xml:210:13-49
214
215        <receiver
215-->src\main\AndroidManifest.xml:212:9-218:20
216            android:name="indg.com.cover2protect.helper.SMSBroadcastReceiver"
216-->src\main\AndroidManifest.xml:213:13-56
217            android:exported="true" >
217-->src\main\AndroidManifest.xml:214:13-36
218            <intent-filter>
218-->src\main\AndroidManifest.xml:215:13-217:29
219                <action android:name="com.google.android.gms.auth.api.phone.SMS_RETRIEVED" />
219-->src\main\AndroidManifest.xml:216:17-94
219-->src\main\AndroidManifest.xml:216:25-91
220            </intent-filter>
221        </receiver>
222
223        <meta-data
223-->src\main\AndroidManifest.xml:220:9-222:72
224            android:name="io.fabric.ApiKey"
224-->src\main\AndroidManifest.xml:221:13-44
225            android:value="2eeca27a18fd324ac9f1f8d1c5729d712d735af4" />
225-->src\main\AndroidManifest.xml:222:13-69
226
227        <service
227-->src\main\AndroidManifest.xml:224:9-226:38
228            android:name="com.amazonaws.mobileconnectors.s3.transferutility.TransferService"
228-->src\main\AndroidManifest.xml:225:13-93
229            android:enabled="true" />
229-->src\main\AndroidManifest.xml:226:13-35
230
231        <meta-data
231-->src\main\AndroidManifest.xml:228:9-230:71
232            android:name="com.google.firebase.messaging.default_notification_channel_id"
232-->src\main\AndroidManifest.xml:229:13-89
233            android:value="@string/default_notification_channel_id" />
233-->src\main\AndroidManifest.xml:230:13-68
234        <meta-data
234-->src\main\AndroidManifest.xml:231:9-233:72
235            android:name="com.google.firebase.messaging.default_notification_icon"
235-->src\main\AndroidManifest.xml:232:13-83
236            android:resource="@drawable/ic_notifications_black_24dp" />
236-->src\main\AndroidManifest.xml:233:13-69
237        <meta-data
237-->src\main\AndroidManifest.xml:234:9-236:53
238            android:name="com.google.firebase.messaging.default_notification_color"
238-->src\main\AndroidManifest.xml:235:13-84
239            android:resource="@color/colorAccent" />
239-->src\main\AndroidManifest.xml:236:13-50
240
241        <service
241-->src\main\AndroidManifest.xml:238:9-244:19
242            android:name="indg.com.cover2protect.data.fcm.MyFirebaseMessagingService"
242-->src\main\AndroidManifest.xml:239:13-64
243            android:exported="false" >
243-->src\main\AndroidManifest.xml:240:13-37
244            <intent-filter>
244-->src\main\AndroidManifest.xml:241:13-243:29
245                <action android:name="com.google.firebase.MESSAGING_EVENT" />
245-->src\main\AndroidManifest.xml:242:17-78
245-->src\main\AndroidManifest.xml:242:25-75
246            </intent-filter>
247        </service>
248
249        <receiver android:name="indg.com.cover2protect.views.activity.deviceConnection.bmiScale.lifesense.ble.ui.NetworkStatusChangeReceiver" >
249-->src\main\AndroidManifest.xml:248:9-252:20
249-->src\main\AndroidManifest.xml:248:19-120
250            <intent-filter>
250-->src\main\AndroidManifest.xml:249:13-251:29
251                <action android:name="android.net.conn.CONNECTIVITY_CHANGE" />
251-->src\main\AndroidManifest.xml:250:17-79
251-->src\main\AndroidManifest.xml:250:25-76
252            </intent-filter>
253        </receiver>
254
255        <service android:name="com.getmedcheck.lib.services.MedCheckBluetoothLeService" />
255-->[:medchecklib] AndroidManifest.xml:17:9-91
255-->[:medchecklib] AndroidManifest.xml:17:18-88
256
257        <provider
257-->[com.github.jkwiecien:EasyImage:1.3.1] AndroidManifest.xml:12:9-20:20
258            android:name="androidx.core.content.FileProvider"
258-->[com.github.jkwiecien:EasyImage:1.3.1] AndroidManifest.xml:13:13-62
259            android:authorities="indg.com.cover2protect.easyphotopicker.fileprovider"
259-->[com.github.jkwiecien:EasyImage:1.3.1] AndroidManifest.xml:14:13-80
260            android:exported="false"
260-->[com.github.jkwiecien:EasyImage:1.3.1] AndroidManifest.xml:15:13-37
261            android:grantUriPermissions="true" >
261-->[com.github.jkwiecien:EasyImage:1.3.1] AndroidManifest.xml:16:13-47
262            <meta-data
262-->[com.github.jkwiecien:EasyImage:1.3.1] AndroidManifest.xml:17:13-19:53
263                android:name="android.support.FILE_PROVIDER_PATHS"
263-->[com.github.jkwiecien:EasyImage:1.3.1] AndroidManifest.xml:18:17-67
264                android:resource="@xml/filepaths" />
264-->[com.github.jkwiecien:EasyImage:1.3.1] AndroidManifest.xml:19:17-50
265        </provider>
266
267        <activity
267-->[com.github.xinyuez:easypermissions:2.0.1] AndroidManifest.xml:12:9-16:66
268            android:name="pub.devrel.easypermissions.AppSettingsDialogHolderActivity"
268-->[com.github.xinyuez:easypermissions:2.0.1] AndroidManifest.xml:13:13-86
269            android:exported="false"
269-->[com.github.xinyuez:easypermissions:2.0.1] AndroidManifest.xml:14:13-37
270            android:label=""
270-->[com.github.xinyuez:easypermissions:2.0.1] AndroidManifest.xml:15:13-29
271            android:theme="@style/EasyPermissions.Transparent" /> <!-- Autocomplete -->
271-->[com.github.xinyuez:easypermissions:2.0.1] AndroidManifest.xml:16:13-63
272        <activity
272-->[com.google.android.libraries.places:places:1.0.0] AndroidManifest.xml:16:9-23:20
273            android:name="com.google.android.libraries.places.widget.AutocompleteActivity"
273-->[com.google.android.libraries.places:places:1.0.0] AndroidManifest.xml:17:13-91
274            android:exported="false"
274-->[com.google.android.libraries.places:places:1.0.0] AndroidManifest.xml:18:13-37
275            android:hardwareAccelerated="true"
275-->[com.google.android.libraries.places:places:1.0.0] AndroidManifest.xml:19:13-47
276            android:label="@string/places_autocomplete_label"
276-->[com.google.android.libraries.places:places:1.0.0] AndroidManifest.xml:20:13-62
277            android:theme="@style/PlacesAutocompleteThemeOverlay"
277-->[com.google.android.libraries.places:places:1.0.0] AndroidManifest.xml:21:13-66
278            android:windowSoftInputMode="stateAlwaysVisible|adjustPan" >
278-->[com.google.android.libraries.places:places:1.0.0] AndroidManifest.xml:22:13-71
279        </activity>
280        <activity
280-->[com.droidninja:filepicker:2.2.1] AndroidManifest.xml:17:9-19:62
281            android:name="droidninja.filepicker.FilePickerActivity"
281-->[com.droidninja:filepicker:2.2.1] AndroidManifest.xml:18:13-68
282            android:configChanges="orientation|screenSize" />
282-->[com.droidninja:filepicker:2.2.1] AndroidManifest.xml:19:13-59
283        <activity
283-->[com.droidninja:filepicker:2.2.1] AndroidManifest.xml:20:9-22:62
284            android:name="droidninja.filepicker.MediaDetailsActivity"
284-->[com.droidninja:filepicker:2.2.1] AndroidManifest.xml:21:13-70
285            android:configChanges="orientation|screenSize" />
285-->[com.droidninja:filepicker:2.2.1] AndroidManifest.xml:22:13-59
286
287        <provider
287-->[com.droidninja:filepicker:2.2.1] AndroidManifest.xml:24:9-32:20
288            android:name="droidninja.filepicker.utils.FilePickerProvider"
288-->[com.droidninja:filepicker:2.2.1] AndroidManifest.xml:25:13-74
289            android:authorities="indg.com.cover2protect.droidninja.filepicker.provider"
289-->[com.droidninja:filepicker:2.2.1] AndroidManifest.xml:26:13-82
290            android:exported="false"
290-->[com.droidninja:filepicker:2.2.1] AndroidManifest.xml:27:13-37
291            android:grantUriPermissions="true" >
291-->[com.droidninja:filepicker:2.2.1] AndroidManifest.xml:28:13-47
292            <meta-data
292-->[com.github.jkwiecien:EasyImage:1.3.1] AndroidManifest.xml:17:13-19:53
293                android:name="android.support.FILE_PROVIDER_PATHS"
293-->[com.github.jkwiecien:EasyImage:1.3.1] AndroidManifest.xml:18:17-67
294                android:resource="@xml/provider_paths" />
294-->[com.github.jkwiecien:EasyImage:1.3.1] AndroidManifest.xml:19:17-50
295        </provider>
296        <provider
296-->[com.crashlytics.sdk.android:crashlytics:2.9.9] AndroidManifest.xml:12:9-16:38
297            android:name="com.crashlytics.android.CrashlyticsInitProvider"
297-->[com.crashlytics.sdk.android:crashlytics:2.9.9] AndroidManifest.xml:13:13-75
298            android:authorities="indg.com.cover2protect.crashlyticsinitprovider"
298-->[com.crashlytics.sdk.android:crashlytics:2.9.9] AndroidManifest.xml:14:13-75
299            android:exported="false"
299-->[com.crashlytics.sdk.android:crashlytics:2.9.9] AndroidManifest.xml:15:13-37
300            android:initOrder="90" />